<?xml version="1.0" encoding="UTF-8"?>
<testsuite xmlns:xsi="http://www.w3.org/2001/XMLSchema-instance" xsi:noNamespaceSchemaLocation="https://maven.apache.org/surefire/maven-surefire-plugin/xsd/surefire-test-report-3.0.xsd" version="3.0" name="com.github.marcosws.crs.model.service.CRSLoginServiceTest" time="0.011" tests="12" errors="0" skipped="0" failures="0">
  <properties>
[...]
</properties>
  <testcase name="should_ValidateLogin_Invalid_User_and_Password_Empty_Login" classname="com.github.marcosws.crs.model.service.CRSLoginServiceTest" time="0.001"/>
  <testcase name="should_ValidateLogin_UserOk" classname="com.github.marcosws.crs.model.service.CRSLoginServiceTest" time="0.0"/>
  <testcase name="should_ValidateUser_Invalid_User_and_Password_Null_User" classname="com.github.marcosws.crs.model.service.CRSLoginServiceTest" time="0.001"/>
  <testcase name="should_ValidateLogin_Invalid_User_and_Password_Null_Login" classname="com.github.marcosws.crs.model.service.CRSLoginServiceTest" time="0.0"/>
  <testcase name="should_ValidateUser_Reset_Password" classname="com.github.marcosws.crs.model.service.CRSLoginServiceTest" time="0.001"/>
  <testcase name="should_ValidateUser_Password_Invalid" classname="com.github.marcosws.crs.model.service.CRSLoginServiceTest" time="0.002"/>
  <testcase name="should_ValidateUser_Invalid_User_and_Password_Empty_Password" classname="com.github.marcosws.crs.model.service.CRSLoginServiceTest" time="0.0"/>
  <testcase name="should_ValidateLogin_Invalid_User_and_Password_Empty_Password" classname="com.github.marcosws.crs.model.service.CRSLoginServiceTest" time="0.001"/>
  <testcase name="should_ValidateUser_Invalid_User_and_Password_Null_Password" classname="com.github.marcosws.crs.model.service.CRSLoginServiceTest" time="0.0"/>
  <testcase name="should_ValidateLogin_Invalid_User_and_Password_Null_Password" classname="com.github.marcosws.crs.model.service.CRSLoginServiceTest" time="0.001"/>
  <testcase name="should_ValidateUser_UserOk" classname="com.github.marcosws.crs.model.service.CRSLoginServiceTest" time="0.001"/>
  <testcase name="should_ValidateUser_User_Inactive" classname="com.github.marcosws.crs.model.service.CRSLoginServiceTest" time="0.001"/>
</testsuite>